running smart_converge for bulk@JVASP-1002-ENCUT-500
json should be here= /users/knc6/Downloads/Si_test3/JVASP-1002_PBEBO/ENCUTbulk@JVASP-1002-500.json
json should be= ENCUTbulk@JVASP-1002-500.json /users/knc6/Downloads/Si_test3/JVASP-1002_PBEBO/ENCUTbulk@JVASP-1002-500.json /users/knc6/Downloads/Si_test3/JVASP-1002_PBEBO
Starting new job
copying /users/knc6/bin/vdw_kernel.bindat
Queue 1
End of the first loop /users/knc6/Downloads/Si_test3/JVASP-1002_PBEBO/ENCUTbulk@JVASP-1002-500 True
Wrote json file -7.75277636
Incrementing encut 500
running smart_converge for bulk@JVASP-1002-ENCUT-500
json should be here= /users/knc6/Downloads/Si_test3/JVASP-1002_PBEBO/ENCUTbulk@JVASP-1002-500.json
json should be= ENCUTbulk@JVASP-1002-500.json /users/knc6/Downloads/Si_test3/JVASP-1002_PBEBO/ENCUTbulk@JVASP-1002-500.json /users/knc6/Downloads/Si_test3/JVASP-1002_PBEBO
outcar is /users/knc6/Downloads/Si_test3/JVASP-1002_PBEBO/ENCUTbulk@JVASP-1002-500/OUTCAR
outcar status True
Some extra points to check for ENCUT
json should be here= /users/knc6/Downloads/Si_test3/JVASP-1002_PBEBO/ENCUTbulk@JVASP-1002-600.json
json should be= ENCUTbulk@JVASP-1002-600.json /users/knc6/Downloads/Si_test3/JVASP-1002_PBEBO/ENCUTbulk@JVASP-1002-600.json /users/knc6/Downloads/Si_test3/JVASP-1002_PBEBO
Starting new job
copying /users/knc6/bin/vdw_kernel.bindat
Queue 1
End of the first loop /users/knc6/Downloads/Si_test3/JVASP-1002_PBEBO/ENCUTbulk@JVASP-1002-600 True
Wrote json file -7.75283642
json should be here= /users/knc6/Downloads/Si_test3/JVASP-1002_PBEBO/ENCUTbulk@JVASP-1002-650.json
json should be= ENCUTbulk@JVASP-1002-650.json /users/knc6/Downloads/Si_test3/JVASP-1002_PBEBO/ENCUTbulk@JVASP-1002-650.json /users/knc6/Downloads/Si_test3/JVASP-1002_PBEBO
Starting new job
copying /users/knc6/bin/vdw_kernel.bindat
Queue 1
End of the first loop /users/knc6/Downloads/Si_test3/JVASP-1002_PBEBO/ENCUTbulk@JVASP-1002-650 True
Wrote json file -7.75290232
json should be here= /users/knc6/Downloads/Si_test3/JVASP-1002_PBEBO/ENCUTbulk@JVASP-1002-700.json
json should be= ENCUTbulk@JVASP-1002-700.json /users/knc6/Downloads/Si_test3/JVASP-1002_PBEBO/ENCUTbulk@JVASP-1002-700.json /users/knc6/Downloads/Si_test3/JVASP-1002_PBEBO
Starting new job
copying /users/knc6/bin/vdw_kernel.bindat
Queue 1
End of the first loop /users/knc6/Downloads/Si_test3/JVASP-1002_PBEBO/ENCUTbulk@JVASP-1002-700 True
Wrote json file -7.75294842
json should be here= /users/knc6/Downloads/Si_test3/JVASP-1002_PBEBO/ENCUTbulk@JVASP-1002-750.json
json should be= ENCUTbulk@JVASP-1002-750.json /users/knc6/Downloads/Si_test3/JVASP-1002_PBEBO/ENCUTbulk@JVASP-1002-750.json /users/knc6/Downloads/Si_test3/JVASP-1002_PBEBO
Starting new job
copying /users/knc6/bin/vdw_kernel.bindat
Queue 1
End of the first loop /users/knc6/Downloads/Si_test3/JVASP-1002_PBEBO/ENCUTbulk@JVASP-1002-750 True
Wrote json file -7.75296568
json should be here= /users/knc6/Downloads/Si_test3/JVASP-1002_PBEBO/ENCUTbulk@JVASP-1002-800.json
json should be= ENCUTbulk@JVASP-1002-800.json /users/knc6/Downloads/Si_test3/JVASP-1002_PBEBO/ENCUTbulk@JVASP-1002-800.json /users/knc6/Downloads/Si_test3/JVASP-1002_PBEBO
Starting new job
copying /users/knc6/bin/vdw_kernel.bindat
Queue 1
End of the first loop /users/knc6/Downloads/Si_test3/JVASP-1002_PBEBO/ENCUTbulk@JVASP-1002-800 True
Wrote json file -7.75301837
ENCUT convergence achieved for  bulk@JVASP-1002 500
Incrementing length 5
json should be here= /users/knc6/Downloads/Si_test3/JVASP-1002_PBEBO/KPOINTSbulk@JVASP-1002-5.json
json should be= KPOINTSbulk@JVASP-1002-5.json /users/knc6/Downloads/Si_test3/JVASP-1002_PBEBO/KPOINTSbulk@JVASP-1002-5.json /users/knc6/Downloads/Si_test3/JVASP-1002_PBEBO
Starting new job
copying /users/knc6/bin/vdw_kernel.bindat
Queue 1
End of the first loop /users/knc6/Downloads/Si_test3/JVASP-1002_PBEBO/KPOINTSbulk@JVASP-1002-5 True
Wrote json file 8.1026656
Incrementing length 5
json should be here= /users/knc6/Downloads/Si_test3/JVASP-1002_PBEBO/KPOINTSbulk@JVASP-1002-10.json
json should be= KPOINTSbulk@JVASP-1002-10.json /users/knc6/Downloads/Si_test3/JVASP-1002_PBEBO/KPOINTSbulk@JVASP-1002-10.json /users/knc6/Downloads/Si_test3/JVASP-1002_PBEBO
Starting new job
copying /users/knc6/bin/vdw_kernel.bindat
Queue 1
End of the first loop /users/knc6/Downloads/Si_test3/JVASP-1002_PBEBO/KPOINTSbulk@JVASP-1002-10 True
Wrote json file -7.75277636
Incrementing length 10
json should be here= /users/knc6/Downloads/Si_test3/JVASP-1002_PBEBO/KPOINTSbulk@JVASP-1002-15.json
json should be= KPOINTSbulk@JVASP-1002-15.json /users/knc6/Downloads/Si_test3/JVASP-1002_PBEBO/KPOINTSbulk@JVASP-1002-15.json /users/knc6/Downloads/Si_test3/JVASP-1002_PBEBO
Starting new job
copying /users/knc6/bin/vdw_kernel.bindat
Queue 1
End of the first loop /users/knc6/Downloads/Si_test3/JVASP-1002_PBEBO/KPOINTSbulk@JVASP-1002-15 True
Wrote json file -8.27850433
Incrementing length 15
json should be here= /users/knc6/Downloads/Si_test3/JVASP-1002_PBEBO/KPOINTSbulk@JVASP-1002-20.json
json should be= KPOINTSbulk@JVASP-1002-20.json /users/knc6/Downloads/Si_test3/JVASP-1002_PBEBO/KPOINTSbulk@JVASP-1002-20.json /users/knc6/Downloads/Si_test3/JVASP-1002_PBEBO
Starting new job
copying /users/knc6/bin/vdw_kernel.bindat
Queue 1
End of the first loop /users/knc6/Downloads/Si_test3/JVASP-1002_PBEBO/KPOINTSbulk@JVASP-1002-20 True
Wrote json file -8.31635378
Incrementing length 20
json should be here= /users/knc6/Downloads/Si_test3/JVASP-1002_PBEBO/KPOINTSbulk@JVASP-1002-25.json
json should be= KPOINTSbulk@JVASP-1002-25.json /users/knc6/Downloads/Si_test3/JVASP-1002_PBEBO/KPOINTSbulk@JVASP-1002-25.json /users/knc6/Downloads/Si_test3/JVASP-1002_PBEBO
Starting new job
copying /users/knc6/bin/vdw_kernel.bindat
Queue 1
End of the first loop /users/knc6/Downloads/Si_test3/JVASP-1002_PBEBO/KPOINTSbulk@JVASP-1002-25 True
Wrote json file -8.33488897
Incrementing length 25
json should be here= /users/knc6/Downloads/Si_test3/JVASP-1002_PBEBO/KPOINTSbulk@JVASP-1002-30.json
json should be= KPOINTSbulk@JVASP-1002-30.json /users/knc6/Downloads/Si_test3/JVASP-1002_PBEBO/KPOINTSbulk@JVASP-1002-30.json /users/knc6/Downloads/Si_test3/JVASP-1002_PBEBO
Starting new job
copying /users/knc6/bin/vdw_kernel.bindat
Queue 1
End of the first loop /users/knc6/Downloads/Si_test3/JVASP-1002_PBEBO/KPOINTSbulk@JVASP-1002-30 True
Wrote json file -8.33692916
Incrementing length 30
json should be here= /users/knc6/Downloads/Si_test3/JVASP-1002_PBEBO/KPOINTSbulk@JVASP-1002-35.json
json should be= KPOINTSbulk@JVASP-1002-35.json /users/knc6/Downloads/Si_test3/JVASP-1002_PBEBO/KPOINTSbulk@JVASP-1002-35.json /users/knc6/Downloads/Si_test3/JVASP-1002_PBEBO
Starting new job
copying /users/knc6/bin/vdw_kernel.bindat
Queue 1
End of the first loop /users/knc6/Downloads/Si_test3/JVASP-1002_PBEBO/KPOINTSbulk@JVASP-1002-35 True
Wrote json file -8.33815367
Incrementing length 35
json should be here= /users/knc6/Downloads/Si_test3/JVASP-1002_PBEBO/KPOINTSbulk@JVASP-1002-40.json
json should be= KPOINTSbulk@JVASP-1002-40.json /users/knc6/Downloads/Si_test3/JVASP-1002_PBEBO/KPOINTSbulk@JVASP-1002-40.json /users/knc6/Downloads/Si_test3/JVASP-1002_PBEBO
Starting new job
copying /users/knc6/bin/vdw_kernel.bindat
Queue 1
End of the first loop /users/knc6/Downloads/Si_test3/JVASP-1002_PBEBO/KPOINTSbulk@JVASP-1002-40 True
Wrote json file -8.33839326
Some extra points to check for KPOINTS
json should be here= /users/knc6/Downloads/Si_test3/JVASP-1002_PBEBO/KPOINTSbulk@JVASP-1002-45.json
json should be= KPOINTSbulk@JVASP-1002-45.json /users/knc6/Downloads/Si_test3/JVASP-1002_PBEBO/KPOINTSbulk@JVASP-1002-45.json /users/knc6/Downloads/Si_test3/JVASP-1002_PBEBO
Starting new job
copying /users/knc6/bin/vdw_kernel.bindat
Queue 1
End of the first loop /users/knc6/Downloads/Si_test3/JVASP-1002_PBEBO/KPOINTSbulk@JVASP-1002-45 True
Wrote json file -8.3384291
json should be here= /users/knc6/Downloads/Si_test3/JVASP-1002_PBEBO/KPOINTSbulk@JVASP-1002-50.json
json should be= KPOINTSbulk@JVASP-1002-50.json /users/knc6/Downloads/Si_test3/JVASP-1002_PBEBO/KPOINTSbulk@JVASP-1002-50.json /users/knc6/Downloads/Si_test3/JVASP-1002_PBEBO
Starting new job
copying /users/knc6/bin/vdw_kernel.bindat
Queue 1
End of the first loop /users/knc6/Downloads/Si_test3/JVASP-1002_PBEBO/KPOINTSbulk@JVASP-1002-50 True
Wrote json file -8.33845415
json should be here= /users/knc6/Downloads/Si_test3/JVASP-1002_PBEBO/KPOINTSbulk@JVASP-1002-55.json
json should be= KPOINTSbulk@JVASP-1002-55.json /users/knc6/Downloads/Si_test3/JVASP-1002_PBEBO/KPOINTSbulk@JVASP-1002-55.json /users/knc6/Downloads/Si_test3/JVASP-1002_PBEBO
Starting new job
copying /users/knc6/bin/vdw_kernel.bindat
Queue 1
End of the first loop /users/knc6/Downloads/Si_test3/JVASP-1002_PBEBO/KPOINTSbulk@JVASP-1002-55 True
Wrote json file -8.33845806
json should be here= /users/knc6/Downloads/Si_test3/JVASP-1002_PBEBO/KPOINTSbulk@JVASP-1002-60.json
json should be= KPOINTSbulk@JVASP-1002-60.json /users/knc6/Downloads/Si_test3/JVASP-1002_PBEBO/KPOINTSbulk@JVASP-1002-60.json /users/knc6/Downloads/Si_test3/JVASP-1002_PBEBO
Starting new job
copying /users/knc6/bin/vdw_kernel.bindat
Queue 1
End of the first loop /users/knc6/Downloads/Si_test3/JVASP-1002_PBEBO/KPOINTSbulk@JVASP-1002-60 True
Wrote json file -8.33846157
json should be here= /users/knc6/Downloads/Si_test3/JVASP-1002_PBEBO/KPOINTSbulk@JVASP-1002-65.json
json should be= KPOINTSbulk@JVASP-1002-65.json /users/knc6/Downloads/Si_test3/JVASP-1002_PBEBO/KPOINTSbulk@JVASP-1002-65.json /users/knc6/Downloads/Si_test3/JVASP-1002_PBEBO
Starting new job
copying /users/knc6/bin/vdw_kernel.bindat
Queue 1
End of the first loop /users/knc6/Downloads/Si_test3/JVASP-1002_PBEBO/KPOINTSbulk@JVASP-1002-65 True
Wrote json file -8.33846188
KPOINTS convergence achieved for  bulk@JVASP-1002 40
json should be here= /users/knc6/Downloads/Si_test3/JVASP-1002_PBEBO/MAIN-RELAX-bulk@JVASP-1002.json
json should be= MAIN-RELAX-bulk@JVASP-1002.json /users/knc6/Downloads/Si_test3/JVASP-1002_PBEBO/MAIN-RELAX-bulk@JVASP-1002.json /users/knc6/Downloads/Si_test3/JVASP-1002_PBEBO
Starting new job
copying /users/knc6/bin/vdw_kernel.bindat
Queue 1
End of the first loop /users/knc6/Downloads/Si_test3/JVASP-1002_PBEBO/MAIN-RELAX-bulk@JVASP-1002 True
Wrote json file -8.33839349
json should be here= /users/knc6/Downloads/Si_test3/JVASP-1002_PBEBO/MAIN-BAND-bulk@JVASP-1002.json
json should be= MAIN-BAND-bulk@JVASP-1002.json /users/knc6/Downloads/Si_test3/JVASP-1002_PBEBO/MAIN-BAND-bulk@JVASP-1002.json /users/knc6/Downloads/Si_test3/JVASP-1002_PBEBO
Starting new job
copying /users/knc6/bin/vdw_kernel.bindat
Queue 1
End of the first loop /users/knc6/Downloads/Si_test3/JVASP-1002_PBEBO/MAIN-BAND-bulk@JVASP-1002 True
Wrote json file -7.23197038
json should be here= /users/knc6/Downloads/Si_test3/JVASP-1002_PBEBO/MAIN-OPTICS-bulk@JVASP-1002.json
json should be= MAIN-OPTICS-bulk@JVASP-1002.json /users/knc6/Downloads/Si_test3/JVASP-1002_PBEBO/MAIN-OPTICS-bulk@JVASP-1002.json /users/knc6/Downloads/Si_test3/JVASP-1002_PBEBO
Starting new job
copying /users/knc6/bin/vdw_kernel.bindat
Queue 1
End of the first loop /users/knc6/Downloads/Si_test3/JVASP-1002_PBEBO/MAIN-OPTICS-bulk@JVASP-1002 True
Wrote json file -8.33839353
json should be here= /users/knc6/Downloads/Si_test3/JVASP-1002_PBEBO/MAIN-MBJ-bulk@JVASP-1002.json
json should be= MAIN-MBJ-bulk@JVASP-1002.json /users/knc6/Downloads/Si_test3/JVASP-1002_PBEBO/MAIN-MBJ-bulk@JVASP-1002.json /users/knc6/Downloads/Si_test3/JVASP-1002_PBEBO
Starting new job
copying /users/knc6/bin/vdw_kernel.bindat
Queue 1
End of the first loop /users/knc6/Downloads/Si_test3/JVASP-1002_PBEBO/MAIN-MBJ-bulk@JVASP-1002 True
Wrote json file 1145.16346171
json should be here= /users/knc6/Downloads/Si_test3/JVASP-1002_PBEBO/MAIN-ELASTIC-bulk@JVASP-1002.json
json should be= MAIN-ELASTIC-bulk@JVASP-1002.json /users/knc6/Downloads/Si_test3/JVASP-1002_PBEBO/MAIN-ELASTIC-bulk@JVASP-1002.json /users/knc6/Downloads/Si_test3/JVASP-1002_PBEBO
Starting new job
copying /users/knc6/bin/vdw_kernel.bindat
Queue 1
End of the first loop /users/knc6/Downloads/Si_test3/JVASP-1002_PBEBO/MAIN-ELASTIC-bulk@JVASP-1002 True
Wrote json file -33.35263341
